#
# There is insufficient memory for the Java Runtime Environment to continue.
# Native memory allocation (malloc) failed to allocate 32744 bytes for ChunkPool::allocate
# Possible reasons:
#   The system is out of physical RAM or swap space
#   The process is running with CompressedOops enabled, and the Java Heap may be blocking the growth of the native heap
# Possible solutions:
#   Reduce memory load on the system
#   Increase physical memory or swap space
#   Check if swap backing store is full
#   Decrease Java heap size (-Xmx/-Xms)
#   Decrease number of Java threads
#   Decrease Java thread stack sizes (-Xss)
#   Set larger code cache with -XX:ReservedCodeCacheSize=
#   JVM is running with Unscaled Compressed Oops mode in which the Java heap is
#     placed in the first 4GB address space. The Java Heap base address is the
#     maximum limit for the native heap growth. Please use -XX:HeapBaseMinAddress
#     to set the Java Heap base and to place the Java Heap above 4GB virtual address.
# This output file may be truncated or incomplete.
#
#  Out of Memory Error (allocation.cpp:272), pid=6120, tid=0x0000000000002718
#
# JRE version: OpenJDK Runtime Environment (8.0_242-b01) (build 1.8.0_242-release-1644-b01)
# Java VM: OpenJDK 64-Bit Server VM (25.242-b01 mixed mode windows-amd64 compressed oops)
# Failed to write core dump. Minidumps are not enabled by default on client versions of Windows
#

---------------  T H R E A D  ---------------

Current thread (0x00000000178d2800):  JavaThread "C2 CompilerThread0" daemon [_thread_in_native, id=10008, stack(0x0000000018f60000,0x0000000019060000)]

Stack: [0x0000000018f60000,0x0000000019060000]
[error occurred during error reporting (printing stack bounds), id 0xc0000005]

Native frames: (J=compiled Java code, j=interpreted, Vv=VM code, C=native code)


Current CompileTask:
C2:3072242 16272       4       org.gradle.internal.logging.sink.OutputEventListenerManager$1::onOutput (33 bytes)


---------------  P R O C E S S  ---------------

Java Threads: ( => current thread )
  0x0000000019d0e000 JavaThread "RMI TCP Connection(idle)" daemon [_thread_blocked, id=9168, stack(0x00000000273a0000,0x00000000274a0000)]
  0x000000001ff30800 JavaThread "RMI RenewClean-[127.0.0.1:17308,org.jetbrains.kotlin.daemon.common.LoopbackNetworkInterface$ClientLoopbackSocketFactory@75fb81cd]" daemon [_thread_blocked, id=2232, stack(0x00000000270a0000,0x00000000271a0000)]
  0x000000001ff29000 JavaThread "stdout" [_thread_in_native, id=8448, stack(0x0000000026fa0000,0x00000000270a0000)]
  0x000000001ff30000 JavaThread "stderr" [_thread_in_native, id=3432, stack(0x0000000026ea0000,0x0000000026fa0000)]
  0x000000001ff28800 JavaThread "pool-12-thread-1" [_thread_blocked, id=2440, stack(0x0000000025db0000,0x0000000025eb0000)]
  0x000000001ff2d800 JavaThread "WorkerExecutor Queue Thread 2" [_thread_blocked, id=4748, stack(0x00000000259b0000,0x0000000025ab0000)]
  0x000000001ff2e800 JavaThread "WorkerExecutor Queue" [_thread_blocked, id=11240, stack(0x00000000253b0000,0x00000000254b0000)]
  0x000000001ff2d000 JavaThread "Cache worker for execution history cache (C:\Users\ajsis\AndroidStudioProjects\analize\.gradle\6.1.1\executionHistory)" [_thread_blocked, id=8760, stack(0x00000000252b0000,0x00000000253b0000)]
  0x000000001ff25800 JavaThread "Execution worker for ':' Thread 3" [_thread_blocked, id=7696, stack(0x0000000024bc0000,0x0000000024cc0000)]
  0x000000001ff2a000 JavaThread "Execution worker for ':' Thread 2" [_thread_blocked, id=9604, stack(0x0000000024440000,0x0000000024540000)]
  0x000000001ff2b800 JavaThread "Execution worker for ':'" [_thread_in_native, id=10580, stack(0x0000000024140000,0x0000000024240000)]
  0x000000001ff27800 JavaThread "Cache worker for file content cache (C:\Users\ajsis\AndroidStudioProjects\analize\.gradle\6.1.1\fileContent)" [_thread_blocked, id=4728, stack(0x0000000023c40000,0x0000000023d40000)]
  0x000000001ff26000 JavaThread "Cache worker for Build Output Cleanup Cache (C:\Users\ajsis\AndroidStudioProjects\analize\.gradle\buildOutputCleanup)" [_thread_blocked, id=5516, stack(0x0000000022ad0000,0x0000000022bd0000)]
  0x000000001ff2c000 JavaThread "Build operations Thread 4" [_thread_blocked, id=4624, stack(0x00000000223d0000,0x00000000224d0000)]
  0x0000000020248000 JavaThread "Build operations Thread 3" [_thread_blocked, id=7064, stack(0x00000000222d0000,0x00000000223d0000)]
  0x0000000020246800 JavaThread "Build operations Thread 2" [_thread_blocked, id=9512, stack(0x00000000221d0000,0x00000000222d0000)]
  0x0000000020243000 JavaThread "Build operations" [_thread_blocked, id=8080, stack(0x0000000021e30000,0x0000000021f30000)]
  0x0000000020243800 JavaThread "Cache worker for cache directory md-rule (C:\Users\ajsis\.gradle\caches\6.1.1\md-rule)" [_thread_blocked, id=4724, stack(0x0000000020f90000,0x0000000021090000)]
  0x0000000020244800 JavaThread "Cache worker for cache directory md-supplier (C:\Users\ajsis\.gradle\caches\6.1.1\md-supplier)" [_thread_blocked, id=8068, stack(0x0000000020e90000,0x0000000020f90000)]
  0x0000000020246000 JavaThread "Cache worker for file hash cache (C:\Users\ajsis\AndroidStudioProjects\analize\.gradle\6.1.1\fileHashes)" [_thread_blocked, id=3736, stack(0x000000001fce0000,0x000000001fde0000)]
  0x000000002023b800 JavaThread "Cache worker for checksums cache (C:\Users\ajsis\AndroidStudioProjects\analize\.gradle\checksums)" [_thread_blocked, id=9424, stack(0x000000001eb70000,0x000000001ec70000)]
  0x0000000020242000 JavaThread "Thread-108" [_thread_blocked, id=6304, stack(0x000000001d1a0000,0x000000001d2a0000)]
  0x000000002023a800 JavaThread "Stdin handler" [_thread_blocked, id=10564, stack(0x000000001cea0000,0x000000001cfa0000)]
  0x0000000020240800 JavaThread "Asynchronous log dispatcher for DefaultDaemonConnection: socket connection from /127.0.0.1:49859 to /127.0.0.1:56313" [_thread_in_native, id=8916, stack(0x000000001cda0000,0x000000001cea0000)]
  0x000000002023d000 JavaThread "Cancel handler" [_thread_blocked, id=716, stack(0x000000001caa0000,0x000000001cba0000)]
  0x000000002023c000 JavaThread "Handler for socket connection from /127.0.0.1:49859 to /127.0.0.1:56313" [_thread_in_native, id=6300, stack(0x0000000001110000,0x0000000001210000)]
  0x000000002023e800 JavaThread "RMI TCP Connection(idle)" daemon [_thread_blocked, id=10712, stack(0x0000000001010000,0x0000000001110000)]
  0x000000002023f000 JavaThread "Daemon worker Thread 3" [_thread_blocked, id=1260, stack(0x000000001c9a0000,0x000000001caa0000)]
  0x000000002023d800 JavaThread "Daemon Thread 3" [_thread_blocked, id=8660, stack(0x0000000000f10000,0x0000000001010000)]
  0x000000001ff23000 JavaThread "RMI Reaper" [_thread_blocked, id=9536, stack(0x0000000025cb0000,0x0000000025db0000)]
  0x000000001ff27000 JavaThread "RMI TCP Accept-0" daemon [_thread_in_native, id=4832, stack(0x0000000025bb0000,0x0000000025cb0000)]
  0x000000001ff24800 JavaThread "GC Daemon" daemon [_thread_blocked, id=8704, stack(0x0000000025ab0000,0x0000000025bb0000)]
  0x000000001da8f800 JavaThread "RMI Scheduler(0)" daemon [_thread_blocked, id=8088, stack(0x00000000258b0000,0x00000000259b0000)]
  0x0000000019d10800 JavaThread "Cache worker for file content cache (C:\Users\ajsis\.gradle\caches\6.1.1\fileContent)" [_thread_blocked, id=6880, stack(0x00000000236d0000,0x00000000237d0000)]
  0x0000000019d08000 JavaThread "Memory manager" [_thread_blocked, id=6064, stack(0x00000000235d0000,0x00000000236d0000)]
  0x0000000019a2f800 JavaThread "Cache worker for execution history cache (C:\Users\ajsis\.gradle\caches\6.1.1\executionHistory)" [_thread_blocked, id=7796, stack(0x0000000021330000,0x0000000021430000)]
  0x0000000019a34000 JavaThread "Cache worker for file hash cache (C:\Users\ajsis\.gradle\caches\6.1.1\fileHashes)" [_thread_blocked, id=6700, stack(0x000000001d6a0000,0x000000001d7a0000)]
  0x0000000019a30000 JavaThread "File lock request listener" [_thread_in_native, id=4456, stack(0x000000001d5a0000,0x000000001d6a0000)]
  0x000000001b6a9800 JavaThread "Cache worker for journal cache (C:\Users\ajsis\.gradle\caches\journal-1)" [_thread_blocked, id=4516, stack(0x000000001d4a0000,0x000000001d5a0000)]
  0x000000001b3bb000 JavaThread "Daemon periodic checks" [_thread_blocked, id=3912, stack(0x000000001c8a0000,0x000000001c9a0000)]
  0x000000001b369000 JavaThread "Incoming local TCP Connector on port 49859" [_thread_in_native, id=4124, stack(0x000000001c640000,0x000000001c740000)]
  0x0000000019329000 JavaThread "Daemon health stats" [_thread_blocked, id=4972, stack(0x000000001c000000,0x000000001c100000)]
  0x000000001792c000 JavaThread "Service Thread" daemon [_thread_blocked, id=10024, stack(0x0000000019660000,0x0000000019760000)]
  0x00000000178fd800 JavaThread "C1 CompilerThread2" daemon [_thread_blocked, id=10020, stack(0x0000000019160000,0x0000000019260000)]
  0x00000000178da800 JavaThread "C2 CompilerThread1" daemon [_thread_blocked, id=9996, stack(0x0000000019060000,0x0000000019160000)]
=>0x00000000178d2800 JavaThread "C2 CompilerThread0" daemon [_thread_in_native, id=10008, stack(0x0000000018f60000,0x0000000019060000)]
  0x00000000178d6000 JavaThread "Attach Listener" daemon [_thread_blocked, id=3380, stack(0x0000000018e60000,0x0000000018f60000)]
  0x00000000178d5000 JavaThread "Signal Dispatcher" daemon [_thread_blocked, id=3444, stack(0x0000000018d60000,0x0000000018e60000)]
  0x0000000002cab000 JavaThread "Finalizer" daemon [_thread_blocked, id=3396, stack(0x0000000018b50000,0x0000000018c50000)]
  0x00000000178b9000 JavaThread "Reference Handler" daemon [_thread_blocked, id=3424, stack(0x0000000018a50000,0x0000000018b50000)]
  0x0000000002bae800 JavaThread "main" [_thread_blocked, id=3548, stack(0x0000000002a70000,0x0000000002b70000)]

Other Threads:
  0x0000000017897800 VMThread [stack: 0x0000000018950000,0x0000000018a50000] [id=3524]
  0x000000001792d000 WatcherThread [stack: 0x0000000019760000,0x0000000019860000] [id=11260]

VM state:not at safepoint (normal execution)

VM Mutex/Monitor currently owned by a thread: None

heap address: 0x0000000080000000, size: 2048 MB, Compressed Oops mode: 32-bit
Narrow klass base: 0x0000000000000000, Narrow klass shift: 3
Compressed class space size: 1073741824 Address: 0x0000000100000000

Heap:
 PSYoungGen      total 246272K, used 73631K [0x00000000d5580000, 0x00000000e7a80000, 0x0000000100000000)
  eden space 229888K, 25% used [0x00000000d5580000,0x00000000d8db4cc0,0x00000000e3600000)
  from space 16384K, 98% used [0x00000000e4a80000,0x00000000e5a32f98,0x00000000e5a80000)
  to   space 28160K, 0% used [0x00000000e5f00000,0x00000000e5f00000,0x00000000e7a80000)
 ParOldGen       total 132096K, used 81276K [0x0000000080000000, 0x0000000088100000, 0x00000000d5580000)
  object space 132096K, 61% used [0x0000000080000000,0x0000000084f5f0d8,0x0000000088100000)
 Metaspace       used 91572K, capacity 96506K, committed 96664K, reserved 1132544K
  class space    used 12230K, capacity 13143K, committed 13232K, reserved 1048576K

Card table byte_map: [0x0000000012070000,0x0000000012480000] byte_map_base: 0x0000000011c70000

Marking Bits: (ParMarkBitMap*) 0x000000005235f030
 Begin Bits: [0x0000000012b30000, 0x0000000014b30000)
 End Bits:   [0x0000000014b30000, 0x0000000016b30000)

Polling page: 0x0000000000e00000

CodeCache: size=245760Kb used=43997Kb max_used=44007Kb free=201762Kb
 bounds [0x0000000002cb0000, 0x0000000005810000, 0x0000000011cb0000]
 total_blobs=14210 nmethods=13302 adapters=820
 compilation: enabled

Compilation events (10 events):
Event: 3072.234 Thread 0x00000000178d2800 nmethod 16266 0x0000000004155750 code [0x00000000041558a0, 0x0000000004155978]
Event: 3072.235 Thread 0x00000000178fd800 16269       3       org.gradle.internal.operations.logging.LoggingBuildOperationProgressBroadcaster::onOutput (105 bytes)
Event: 3072.235 Thread 0x00000000178da800 16270   !   4       org.gradle.internal.logging.sink.OutputEventRenderer::onOutput (101 bytes)
Event: 3072.235 Thread 0x00000000178d2800 16272       4       org.gradle.internal.logging.sink.OutputEventListenerManager$1::onOutput (33 bytes)
Event: 3072.236 Thread 0x00000000178fd800 nmethod 16269 0x00000000040f5290 code [0x00000000040f54a0, 0x00000000040f6538]
Event: 3072.236 Thread 0x00000000178fd800 16271       1       kotlin.io.LinesSequence::access$getReader$p (5 bytes)
Event: 3072.236 Thread 0x00000000178fd800 nmethod 16271 0x00000000041bcf90 code [0x00000000041bd0e0, 0x00000000041bd1d0]
Event: 3072.236 Thread 0x00000000178fd800 16273       3       kotlin.io.LinesSequence$iterator$1::hasNext (53 bytes)
Event: 3072.237 Thread 0x00000000178fd800 nmethod 16273 0x0000000004156c90 code [0x0000000004156e00, 0x0000000004157168]
Event: 3072.240 Thread 0x00000000178fd800 16274       3       org.gradle.internal.serialize.AbstractEncoder::getOutputStream (25 bytes)

GC Heap History (10 events):
Event: 48.564 GC heap before
{Heap before GC invocations=18 (full 3):
 PSYoungGen      total 235008K, used 234983K [0x00000000d5580000, 0x00000000e5600000, 0x0000000100000000)
  eden space 214528K, 100% used [0x00000000d5580000,0x00000000e2700000,0x00000000e2700000)
  from space 20480K, 99% used [0x00000000e3e80000,0x00000000e5279ed0,0x00000000e5280000)
  to   space 24064K, 0% used [0x00000000e2700000,0x00000000e2700000,0x00000000e3e80000)
 ParOldGen       total 132096K, used 33062K [0x0000000080000000, 0x0000000088100000, 0x00000000d5580000)
  object space 132096K, 25% used [0x0000000080000000,0x00000000820498e0,0x0000000088100000)
 Metaspace       used 75326K, capacity 78638K, committed 78744K, reserved 1118208K
  class space    used 10232K, capacity 10885K, committed 10928K, reserved 1048576K
Event: 48.610 GC heap after
Heap after GC invocations=18 (full 3):
 PSYoungGen      total 238592K, used 12644K [0x00000000d5580000, 0x00000000e7b80000, 0x0000000100000000)
  eden space 214528K, 0% used [0x00000000d5580000,0x00000000d5580000,0x00000000e2700000)
  from space 24064K, 52% used [0x00000000e2700000,0x00000000e3359350,0x00000000e3e80000)
  to   space 23552K, 0% used [0x00000000e6480000,0x00000000e6480000,0x00000000e7b80000)
 ParOldGen       total 132096K, used 50436K [0x0000000080000000, 0x0000000088100000, 0x00000000d5580000)
  object space 132096K, 38% used [0x0000000080000000,0x00000000831413b8,0x0000000088100000)
 Metaspace       used 75326K, capacity 78638K, committed 78744K, reserved 1118208K
  class space    used 10232K, capacity 10885K, committed 10928K, reserved 1048576K
}
Event: 341.273 GC heap before
{Heap before GC invocations=19 (full 3):
 PSYoungGen      total 238592K, used 225536K [0x00000000d5580000, 0x00000000e7b80000, 0x0000000100000000)
  eden space 214528K, 99% used [0x00000000d5580000,0x00000000e2566f70,0x00000000e2700000)
  from space 24064K, 52% used [0x00000000e2700000,0x00000000e3359350,0x00000000e3e80000)
  to   space 23552K, 0% used [0x00000000e6480000,0x00000000e6480000,0x00000000e7b80000)
 ParOldGen       total 132096K, used 50436K [0x0000000080000000, 0x0000000088100000, 0x00000000d5580000)
  object space 132096K, 38% used [0x0000000080000000,0x00000000831413b8,0x0000000088100000)
 Metaspace       used 81323K, capacity 84978K, committed 85272K, reserved 1122304K
  class space    used 10810K, capacity 11511K, committed 11568K, reserved 1048576K
Event: 341.328 GC heap after
Heap after GC invocations=19 (full 3):
 PSYoungGen      total 270336K, used 23530K [0x00000000d5580000, 0x00000000e8280000, 0x0000000100000000)
  eden space 246784K, 0% used [0x00000000d5580000,0x00000000d5580000,0x00000000e4680000)
  from space 23552K, 99% used [0x00000000e6480000,0x00000000e7b7a840,0x00000000e7b80000)
  to   space 30720K, 0% used [0x00000000e4680000,0x00000000e4680000,0x00000000e6480000)
 ParOldGen       total 132096K, used 60176K [0x0000000080000000, 0x0000000088100000, 0x00000000d5580000)
  object space 132096K, 45% used [0x0000000080000000,0x0000000083ac4350,0x0000000088100000)
 Metaspace       used 81323K, capacity 84978K, committed 85272K, reserved 1122304K
  class space    used 10810K, capacity 11511K, committed 11568K, reserved 1048576K
}
Event: 354.684 GC heap before
{Heap before GC invocations=20 (full 3):
 PSYoungGen      total 270336K, used 270314K [0x00000000d5580000, 0x00000000e8280000, 0x0000000100000000)
  eden space 246784K, 100% used [0x00000000d5580000,0x00000000e4680000,0x00000000e4680000)
  from space 23552K, 99% used [0x00000000e6480000,0x00000000e7b7a840,0x00000000e7b80000)
  to   space 30720K, 0% used [0x00000000e4680000,0x00000000e4680000,0x00000000e6480000)
 ParOldGen       total 132096K, used 60176K [0x0000000080000000, 0x0000000088100000, 0x00000000d5580000)
  object space 132096K, 45% used [0x0000000080000000,0x0000000083ac4350,0x0000000088100000)
 Metaspace       used 90103K, capacity 94630K, committed 95000K, reserved 1130496K
  class space    used 12121K, capacity 12977K, committed 13104K, reserved 1048576K
Event: 354.740 GC heap after
Heap after GC invocations=20 (full 3):
 PSYoungGen      total 277504K, used 9881K [0x00000000d5580000, 0x00000000e9700000, 0x0000000100000000)
  eden space 246784K, 0% used [0x00000000d5580000,0x00000000d5580000,0x00000000e4680000)
  from space 30720K, 32% used [0x00000000e4680000,0x00000000e5026708,0x00000000e6480000)
  to   space 29696K, 0% used [0x00000000e7a00000,0x00000000e7a00000,0x00000000e9700000)
 ParOldGen       total 132096K, used 81268K [0x0000000080000000, 0x0000000088100000, 0x00000000d5580000)
  object space 132096K, 61% used [0x0000000080000000,0x0000000084f5d0d8,0x0000000088100000)
 Metaspace       used 90103K, capacity 94630K, committed 95000K, reserved 1130496K
  class space    used 12121K, capacity 12977K, committed 13104K, reserved 1048576K
}
Event: 3026.957 GC heap before
{Heap before GC invocations=21 (full 3):
 PSYoungGen      total 277504K, used 256665K [0x00000000d5580000, 0x00000000e9700000, 0x0000000100000000)
  eden space 246784K, 100% used [0x00000000d5580000,0x00000000e4680000,0x00000000e4680000)
  from space 30720K, 32% used [0x00000000e4680000,0x00000000e5026708,0x00000000e6480000)
  to   space 29696K, 0% used [0x00000000e7a00000,0x00000000e7a00000,0x00000000e9700000)
 ParOldGen       total 132096K, used 81268K [0x0000000080000000, 0x0000000088100000, 0x00000000d5580000)
  object space 132096K, 61% used [0x0000000080000000,0x0000000084f5d0d8,0x0000000088100000)
 Metaspace       used 91054K, capacity 95798K, committed 96024K, reserved 1132544K
  class space    used 12194K, capacity 13085K, committed 13104K, reserved 1048576K
Event: 3026.994 GC heap after
Heap after GC invocations=21 (full 3):
 PSYoungGen      total 246784K, used 8440K [0x00000000d5580000, 0x00000000e8280000, 0x0000000100000000)
  eden space 238080K, 0% used [0x00000000d5580000,0x00000000d5580000,0x00000000e3e00000)
  from space 8704K, 96% used [0x00000000e7a00000,0x00000000e823e090,0x00000000e8280000)
  to   space 28672K, 0% used [0x00000000e4a80000,0x00000000e4a80000,0x00000000e6680000)
 ParOldGen       total 132096K, used 81268K [0x0000000080000000, 0x0000000088100000, 0x00000000d5580000)
  object space 132096K, 61% used [0x0000000080000000,0x0000000084f5d0d8,0x0000000088100000)
 Metaspace       used 91054K, capacity 95798K, committed 96024K, reserved 1132544K
  class space    used 12194K, capacity 13085K, committed 13104K, reserved 1048576K
}
Event: 3058.670 GC heap before
{Heap before GC invocations=22 (full 3):
 PSYoungGen      total 246784K, used 246520K [0x00000000d5580000, 0x00000000e8280000, 0x0000000100000000)
  eden space 238080K, 100% used [0x00000000d5580000,0x00000000e3e00000,0x00000000e3e00000)
  from space 8704K, 96% used [0x00000000e7a00000,0x00000000e823e090,0x00000000e8280000)
  to   space 28672K, 0% used [0x00000000e4a80000,0x00000000e4a80000,0x00000000e6680000)
 ParOldGen       total 132096K, used 81268K [0x0000000080000000, 0x0000000088100000, 0x00000000d5580000)
  object space 132096K, 61% used [0x0000000080000000,0x0000000084f5d0d8,0x0000000088100000)
 Metaspace       used 91324K, capacity 96264K, committed 96408K, reserved 1132544K
  class space    used 12209K, capacity 13106K, committed 13232K, reserved 1048576K
Event: 3058.698 GC heap after
Heap after GC invocations=22 (full 3):
 PSYoungGen      total 246272K, used 16075K [0x00000000d5580000, 0x00000000e7a80000, 0x0000000100000000)
  eden space 229888K, 0% used [0x00000000d5580000,0x00000000d5580000,0x00000000e3600000)
  from space 16384K, 98% used [0x00000000e4a80000,0x00000000e5a32f98,0x00000000e5a80000)
  to   space 28160K, 0% used [0x00000000e5f00000,0x00000000e5f00000,0x00000000e7a80000)
 ParOldGen       total 132096K, used 81276K [0x0000000080000000, 0x0000000088100000, 0x00000000d5580000)
  object space 132096K, 61% used [0x0000000080000000,0x0000000084f5f0d8,0x0000000088100000)
 Metaspace       used 91324K, capacity 96264K, committed 96408K, reserved 1132544K
  class space    used 12209K, capacity 13106K, committed 13232K, reserved 1048576K
}

Deoptimization events (10 events):
Event: 3058.917 Thread 0x000000001ff2b800 Uncommon trap: reason=null_check action=make_not_entrant pc=0x0000000004d8d4d4 method=org.gradle.api.internal.changedetection.state.CachingFileHasher.snapshot(Ljava/io/File;JJ)Lorg/gradle/api/internal/changedetection/state/CachingFileHasher$FileInfo; @ 31
Event: 3058.929 Thread 0x000000001ff2b800 Uncommon trap: reason=class_check action=maybe_recompile pc=0x0000000004947714 method=com.google.common.collect.CompactHashMap$Itr.next()Ljava/lang/Object; @ 45
Event: 3058.930 Thread 0x000000001ff2b800 Uncommon trap: reason=class_check action=maybe_recompile pc=0x0000000004947714 method=com.google.common.collect.CompactHashMap$Itr.next()Ljava/lang/Object; @ 45
Event: 3058.930 Thread 0x000000001ff2b800 Uncommon trap: reason=unstable_if action=reinterpret pc=0x000000000575cbec method=org.gradle.internal.execution.history.changes.CachingChangeContainer.accept(Lorg/gradle/internal/execution/history/changes/ChangeVisitor;)Z @ 108
Event: 3059.101 Thread 0x000000001ff2b800 Uncommon trap: reason=class_check action=maybe_recompile pc=0x00000000034043e8 method=java.util.WeakHashMap.eq(Ljava/lang/Object;Ljava/lang/Object;)Z @ 7
Event: 3061.183 Thread 0x000000001ff2b800 Uncommon trap: reason=class_check action=maybe_recompile pc=0x000000000477a2bc method=org.gradle.internal.operations.logging.LoggingBuildOperationProgressBroadcaster.onOutput(Lorg/gradle/internal/logging/events/OutputEvent;)V @ 8
Event: 3061.188 Thread 0x000000001ff2b800 Uncommon trap: reason=class_check action=maybe_recompile pc=0x000000000477a2bc method=org.gradle.internal.operations.logging.LoggingBuildOperationProgressBroadcaster.onOutput(Lorg/gradle/internal/logging/events/OutputEvent;)V @ 8
Event: 3061.194 Thread 0x0000000020240800 Uncommon trap: reason=unstable_if action=reinterpret pc=0x0000000002f23f50 method=com.esotericsoftware.kryo.io.Output.writeUtf8Length(I)V @ 42
Event: 3067.217 Thread 0x000000001ff2b800 Uncommon trap: reason=class_check action=maybe_recompile pc=0x000000000477a2bc method=org.gradle.internal.operations.logging.LoggingBuildOperationProgressBroadcaster.onOutput(Lorg/gradle/internal/logging/events/OutputEvent;)V @ 8
Event: 3067.217 Thread 0x000000001ff2b800 Uncommon trap: reason=class_check action=maybe_recompile pc=0x000000000477a2bc method=org.gradle.internal.operations.logging.LoggingBuildOperationProgressBroadcaster.onOutput(Lorg/gradle/internal/logging/events/OutputEvent;)V @ 8

Classes redefined (0 events):
No events

Internal exceptions (10 events):
Event: 3058.925 Thread 0x000000001ff2b800 Exception <a 'sun/nio/fs/WindowsException'> (0x00000000d8499278) thrown at [C:\src\AOSP-openjdk-git\hotspot\src\share\vm\prims\jni.cpp, line 710]
Event: 3058.925 Thread 0x000000001ff2b800 Exception <a 'sun/nio/fs/WindowsException'> (0x00000000d8499f58) thrown at [C:\src\AOSP-openjdk-git\hotspot\src\share\vm\prims\jni.cpp, line 710]
Event: 3059.108 Thread 0x000000001ff30800 Exception <a 'java/lang/InterruptedException'> (0x00000000d87e9248) thrown at [C:\src\AOSP-openjdk-git\hotspot\src\share\vm\runtime\objectMonitor.cpp, line 1680]
Event: 3061.181 Thread 0x000000001ff2b800 Exception <a 'sun/net/ConnectionResetException': > (0x00000000d8a75938) thrown at [C:\src\AOSP-openjdk-git\hotspot\src\share\vm\prims\jni.cpp, line 737]
Event: 3061.181 Thread 0x000000001ff2b800 Exception <a 'sun/net/ConnectionResetException': > (0x00000000d8a76120) thrown at [C:\src\AOSP-openjdk-git\hotspot\src\share\vm\prims\jni.cpp, line 737]
Event: 3061.181 Thread 0x0000000019d0e000 Exception <a 'sun/net/ConnectionResetException': > (0x00000000d8aacb60) thrown at [C:\src\AOSP-openjdk-git\hotspot\src\share\vm\prims\jni.cpp, line 737]
Event: 3061.181 Thread 0x0000000019d0e000 Exception <a 'sun/net/ConnectionResetException': > (0x00000000d8aacd90) thrown at [C:\src\AOSP-openjdk-git\hotspot\src\share\vm\prims\jni.cpp, line 737]
Event: 3063.191 Thread 0x000000001ff2b800 Exception <a 'java/net/ConnectException': Connection refused: connect> (0x00000000d8b26f40) thrown at [C:\src\AOSP-openjdk-git\hotspot\src\share\vm\prims\jni.cpp, line 737]
Event: 3065.203 Thread 0x000000001ff2b800 Exception <a 'java/net/ConnectException': Connection refused: connect> (0x00000000d8b27fd8) thrown at [C:\src\AOSP-openjdk-git\hotspot\src\share\vm\prims\jni.cpp, line 737]
Event: 3067.217 Thread 0x000000001ff2b800 Exception <a 'java/net/ConnectException': Connection refused: connect> (0x00000000d8b29070) thrown at [C:\src\AOSP-openjdk-git\hotspot\src\share\vm\prims\jni.cpp, line 737]

Events (10 events):
Event: 3067.376 Executing VM operation: RevokeBias done
Event: 3067.376 Executing VM operation: RevokeBias
Event: 3067.376 Executing VM operation: RevokeBias done
Event: 3067.381 loading class org/jetbrains/kotlin/compilerRunner/ReportUtilsKt$runToolInSeparateProcess$readErrThread$1
Event: 3067.381 loading class org/jetbrains/kotlin/compilerRunner/ReportUtilsKt$runToolInSeparateProcess$readErrThread$1 done
Event: 3067.382 Thread 0x0000000019d0c000 Thread added: 0x0000000019d0c000
Event: 3067.382 loading class org/jetbrains/kotlin/compilerRunner/ReportUtilsKt$runToolInSeparateProcess$1
Event: 3067.382 loading class org/jetbrains/kotlin/compilerRunner/ReportUtilsKt$runToolInSeparateProcess$1 done
Event: 3067.383 loading class org/jetbrains/kotlin/compilerRunner/ReportUtilsKt$runToolInSeparateProcess$readErrThread$1$1
Event: 3067.383 loading class org/jetbrains/kotlin/compilerRunner/ReportUtilsKt$runToolInSeparateProcess$readErrThread$1$1 done


Dynamic libraries:
0x00007ff7fd560000 - 0x00007ff7fd591000 	C:\Program Files\Android\Android Studio_new\jre\bin\java.exe
0x00007ffa70d20000 - 0x00007ffa70f10000 	C:\Windows\SYSTEM32\ntdll.dll
0x00007ffa6f460000 - 0x00007ffa6f512000 	C:\Windows\System32\KERNEL32.DLL
0x00007ffa6dd10000 - 0x00007ffa6dfb4000 	C:\Windows\System32\KERNELBASE.dll
0x00007ffa6f310000 - 0x00007ffa6f3b3000 	C:\Windows\System32\ADVAPI32.dll
0x00007ffa6f3c0000 - 0x00007ffa6f45e000 	C:\Windows\System32\msvcrt.dll
0x00007ffa6ef20000 - 0x00007ffa6efb7000 	C:\Windows\System32\sechost.dll
0x00007ffa6ee00000 - 0x00007ffa6ef20000 	C:\Windows\System32\RPCRT4.dll
0x00007ffa70980000 - 0x00007ffa70b14000 	C:\Windows\System32\USER32.dll
0x00007ffa6dfc0000 - 0x00007ffa6dfe1000 	C:\Windows\System32\win32u.dll
0x00007ffa6edd0000 - 0x00007ffa6edf6000 	C:\Windows\System32\GDI32.dll
0x00007ffa6ebe0000 - 0x00007ffa6ed75000 	C:\Windows\System32\gdi32full.dll
0x00007ffa6ea90000 - 0x00007ffa6eb2e000 	C:\Windows\System32\msvcp_win.dll
0x00007ffa6e940000 - 0x00007ffa6ea3a000 	C:\Windows\System32\ucrtbase.dll
0x00007ffa5f0d0000 - 0x00007ffa5f354000 	C:\Windows\WinSxS\amd64_microsoft.windows.common-controls_6595b64144ccf1df_6.0.18362.900_none_e6beb9d913147d17\COMCTL32.dll
0x00007ffa6efd0000 - 0x00007ffa6f305000 	C:\Windows\System32\combase.dll
0x00007ffa6dff0000 - 0x00007ffa6e070000 	C:\Windows\System32\bcryptPrimitives.dll
0x00007ffa6f580000 - 0x00007ffa6f5ae000 	C:\Windows\System32\IMM32.DLL
0x0000000050fa0000 - 0x0000000051072000 	C:\Program Files\Android\Android Studio_new\jre\jre\bin\msvcr100.dll
0x0000000051b90000 - 0x00000000523db000 	C:\Program Files\Android\Android Studio_new\jre\jre\bin\server\jvm.dll
0x00007ffa70200000 - 0x00007ffa70208000 	C:\Windows\System32\PSAPI.DLL
0x00007ffa6b730000 - 0x00007ffa6b754000 	C:\Windows\SYSTEM32\WINMM.dll
0x00007ffa603b0000 - 0x00007ffa603b9000 	C:\Windows\SYSTEM32\WSOCK32.dll
0x00007ffa675b0000 - 0x00007ffa675ba000 	C:\Windows\SYSTEM32\VERSION.dll
0x00007ffa6f5b0000 - 0x00007ffa6f61f000 	C:\Windows\System32\WS2_32.dll
0x00007ffa6b700000 - 0x00007ffa6b72d000 	C:\Windows\SYSTEM32\winmmbase.dll
0x00007ffa6ed80000 - 0x00007ffa6edca000 	C:\Windows\System32\cfgmgr32.dll
0x00007ffa59bc0000 - 0x00007ffa59bcf000 	C:\Program Files\Android\Android Studio_new\jre\jre\bin\verify.dll
0x00007ffa594a0000 - 0x00007ffa594c9000 	C:\Program Files\Android\Android Studio_new\jre\jre\bin\java.dll
0x00007ffa586f0000 - 0x00007ffa58706000 	C:\Program Files\Android\Android Studio_new\jre\jre\bin\zip.dll
0x00007ffa6f620000 - 0x00007ffa6fd06000 	C:\Windows\System32\SHELL32.dll
0x00007ffa70240000 - 0x00007ffa702e9000 	C:\Windows\System32\shcore.dll
0x00007ffa6e1c0000 - 0x00007ffa6e940000 	C:\Windows\System32\windows.storage.dll
0x00007ffa6dc80000 - 0x00007ffa6dca3000 	C:\Windows\System32\profapi.dll
0x00007ffa6dc10000 - 0x00007ffa6dc5a000 	C:\Windows\System32\powrprof.dll
0x00007ffa6dbe0000 - 0x00007ffa6dbf0000 	C:\Windows\System32\UMPDC.dll
0x00007ffa70b20000 - 0x00007ffa70b72000 	C:\Windows\System32\shlwapi.dll
0x00007ffa6dbf0000 - 0x00007ffa6dc01000 	C:\Windows\System32\kernel.appcore.dll
0x00007ffa6ea70000 - 0x00007ffa6ea87000 	C:\Windows\System32\cryptsp.dll
0x00007ffa586d0000 - 0x00007ffa586ea000 	C:\Program Files\Android\Android Studio_new\jre\jre\bin\net.dll
0x00007ffa6d3f0000 - 0x00007ffa6d457000 	C:\Windows\system32\mswsock.dll
0x00007ffa579c0000 - 0x00007ffa579d3000 	C:\Program Files\Android\Android Studio_new\jre\jre\bin\nio.dll
0x00007ffa1f860000 - 0x00007ffa1f886000 	C:\Users\ajsis\.gradle\native\31\windows-amd64\native-platform.dll
0x00007ffa598c0000 - 0x00007ffa598cd000 	C:\Program Files\Android\Android Studio_new\jre\jre\bin\management.dll
0x00007ffa6cf60000 - 0x00007ffa6cf93000 	C:\Windows\system32\rsaenh.dll
0x00007ffa6ea40000 - 0x00007ffa6ea66000 	C:\Windows\System32\bcrypt.dll
0x00007ffa6db00000 - 0x00007ffa6db25000 	C:\Windows\SYSTEM32\USERENV.dll
0x00007ffa6d5c0000 - 0x00007ffa6d5cc000 	C:\Windows\SYSTEM32\CRYPTBASE.dll
0x00007ffa6d100000 - 0x00007ffa6d13a000 	C:\Windows\SYSTEM32\IPHLPAPI.DLL
0x00007ffa70230000 - 0x00007ffa70238000 	C:\Windows\System32\NSI.dll
0x00007ffa66340000 - 0x00007ffa66356000 	C:\Windows\SYSTEM32\dhcpcsvc6.DLL
0x00007ffa66320000 - 0x00007ffa6633c000 	C:\Windows\SYSTEM32\dhcpcsvc.DLL
0x00007ffa6d140000 - 0x00007ffa6d20b000 	C:\Windows\SYSTEM32\DNSAPI.dll
0x00007ffa50480000 - 0x00007ffa5049e000 	C:\Users\ajsis\AppData\Local\Temp\native-platform144480787760583322dir\native-platform.dll

VM Arguments:
jvm_args: -Xmx2048m -Dfile.encoding=windows-1252 -Duser.country=BR -Duser.language=pt -Duser.variant 
java_command: org.gradle.launcher.daemon.bootstrap.GradleDaemon 6.1.1
java_class_path (initial): C:\Users\ajsis\.gradle\wrapper\dists\gradle-6.1.1-all\cfmwm155h49vnt3hynmlrsdst\gradle-6.1.1\lib\gradle-launcher-6.1.1.jar
Launcher Type: SUN_STANDARD

Environment Variables:
PATH=C:\Program Files (x86)\Common Files\Oracle\Java\javapath;C:\Windows\system32;C:\Windows;C:\Windows\System32\Wbem;C:\Windows\System32\WindowsPowerShell\v1.0\;C:\Windows\System32\OpenSSH\;C:\Program Files (x86)\ATI Technologies\ATI.ACE\Core-Static;C:\ProgramData\chocolatey\bin;C:\Program Files\nodejs\;C:\Program Files (x86)\Yarn\bin\;C:\Program Files (x86)\AMD\ATI.ACE\Core-Static;C:\Program Files\Git\cmd;C:\Users\ajsis\AppData\Local\Programs\Python\Python38\Scripts\;C:\Users\ajsis\AppData\Local\Programs\Python\Python38\;C:\Users\ajsis\AppData\Local\Microsoft\WindowsApps;c:\src\flutter\bin;;C:\Users\ajsis\AppData\Local\Programs\Microsoft VS Code\bin;C:\Users\ajsis\AppData\Roaming\npm;C:\Users\ajsis\AppData\Local\Yarn\bin
USERNAME=ajsis
OS=Windows_NT
PROCESSOR_IDENTIFIER=Intel64 Family 6 Model 42 Stepping 7, GenuineIntel



---------------  S Y S T E M  ---------------

OS: Windows 10.0 , 64 bit Build 18362 (10.0.18362.900)

CPU:total 4 (initial active 4) (2 cores per cpu, 2 threads per core) family 6 model 42 stepping 7, cmov, cx8, fxsr, mmx, sse, sse2, sse3, ssse3, sse4.1, sse4.2, popcnt, avx, clmul, ht, tsc, tscinvbit

Memory: 4k page, physical 8351512k(1228564k free), swap 8389560k(117096k free)

vm_info: OpenJDK 64-Bit Server VM (25.242-b01) for windows-amd64 JRE (1.8.0_242-release-1644-b01), built by "builder" with MS VC++ 10.0 (VS2010)

time: Fri Sep 11 17:16:14 2020
timezone: Hora oficial do Brasil
elapsed time: 3072 seconds (0d 0h 51m 12s)

